# JRE version: OpenJDK Runtime Environment (8.0_352-b08) (build 1.8.0_352-b08)
# Java VM: OpenJDK 64-Bit Server VM (25.352-b08 mixed mode windows-amd64 compressed oops)
Heap:
 PSYoungGen      total 38400K, used 8445K [0x00000000d5f00000, 0x00000000d8980000, 0x0000000100000000)
  eden space 33280K, 10% used [0x00000000d5f00000,0x00000000d6243260,0x00000000d7f80000)
  from space 5120K, 99% used [0x00000000d8480000,0x00000000d897c418,0x00000000d8980000)
  to   space 5120K, 0% used [0x00000000d7f80000,0x00000000d7f80000,0x00000000d8480000)
 ParOldGen       total 59392K, used 13468K [0x0000000081c00000, 0x0000000085600000, 0x00000000d5f00000)
  object space 59392K, 22% used [0x0000000081c00000,0x0000000082927338,0x0000000085600000)
 Metaspace       used 24302K, capacity 24870K, committed 25088K, reserved 1071104K
  class space    used 2859K, capacity 3010K, committed 3072K, reserved 1048576K
GC Heap History (10 events):
Event: 4.032 GC heap before
{Heap before GC invocations=5 (full 0):
 PSYoungGen      total 38400K, used 38376K [0x00000000d5f00000, 0x00000000d8980000, 0x0000000100000000)
  eden space 33280K, 100% used [0x00000000d5f00000,0x00000000d7f80000,0x00000000d7f80000)
  from space 5120K, 99% used [0x00000000d8480000,0x00000000d897a040,0x00000000d8980000)
  to   space 5120K, 0% used [0x00000000d7f80000,0x00000000d7f80000,0x00000000d8480000)
 ParOldGen       total 87552K, used 7669K [0x0000000081c00000, 0x0000000087180000, 0x00000000d5f00000)
  object space 87552K, 8% used [0x0000000081c00000,0x000000008237d5e8,0x0000000087180000)
 Metaspace       used 18849K, capacity 19298K, committed 19584K, reserved 1067008K
  class space    used 2223K, capacity 2322K, committed 2432K, reserved 1048576K
Event: 4.042 GC heap after
Heap after GC invocations=5 (full 0):
 PSYoungGen      total 38400K, used 5112K [0x00000000d5f00000, 0x00000000d8980000, 0x0000000100000000)
  eden space 33280K, 0% used [0x00000000d5f00000,0x00000000d5f00000,0x00000000d7f80000)
  from space 5120K, 99% used [0x00000000d7f80000,0x00000000d847e070,0x00000000d8480000)
  to   space 5120K, 0% used [0x00000000d8480000,0x00000000d8480000,0x00000000d8980000)
 ParOldGen       total 87552K, used 9582K [0x0000000081c00000, 0x0000000087180000, 0x00000000d5f00000)
  object space 87552K, 10% used [0x0000000081c00000,0x000000008255b880,0x0000000087180000)
 Metaspace       used 18849K, capacity 19298K, committed 19584K, reserved 1067008K
  class space    used 2223K, capacity 2322K, committed 2432K, reserved 1048576K
}
Event: 4.191 GC heap before
{Heap before GC invocations=6 (full 0):
 PSYoungGen      total 38400K, used 13871K [0x00000000d5f00000, 0x00000000d8980000, 0x0000000100000000)
  eden space 33280K, 26% used [0x00000000d5f00000,0x00000000d678de18,0x00000000d7f80000)
  from space 5120K, 99% used [0x00000000d7f80000,0x00000000d847e070,0x00000000d8480000)
  to   space 5120K, 0% used [0x00000000d8480000,0x00000000d8480000,0x00000000d8980000)
 ParOldGen       total 87552K, used 9582K [0x0000000081c00000, 0x0000000087180000, 0x00000000d5f00000)
  object space 87552K, 10% used [0x0000000081c00000,0x000000008255b880,0x0000000087180000)
 Metaspace       used 20663K, capacity 21154K, committed 21296K, reserved 1069056K
  class space    used 2490K, capacity 2642K, committed 2688K, reserved 1048576K
Event: 4.199 GC heap after
Heap after GC invocations=6 (full 0):
 PSYoungGen      total 38400K, used 5112K [0x00000000d5f00000, 0x00000000d8980000, 0x0000000100000000)
  eden space 33280K, 0% used [0x00000000d5f00000,0x00000000d5f00000,0x00000000d7f80000)
  from space 5120K, 99% used [0x00000000d8480000,0x00000000d897e030,0x00000000d8980000)
  to   space 5120K, 0% used [0x00000000d7f80000,0x00000000d7f80000,0x00000000d8480000)
 ParOldGen       total 87552K, used 10182K [0x0000000081c00000, 0x0000000087180000, 0x00000000d5f00000)
  object space 87552K, 11% used [0x0000000081c00000,0x00000000825f1890,0x0000000087180000)
 Metaspace       used 20663K, capacity 21154K, committed 21296K, reserved 1069056K
  class space    used 2490K, capacity 2642K, committed 2688K, reserved 1048576K
}
Event: 4.199 GC heap before
{Heap before GC invocations=7 (full 1):
 PSYoungGen      total 38400K, used 5112K [0x00000000d5f00000, 0x00000000d8980000, 0x0000000100000000)
  eden space 33280K, 0% used [0x00000000d5f00000,0x00000000d5f00000,0x00000000d7f80000)
  from space 5120K, 99% used [0x00000000d8480000,0x00000000d897e030,0x00000000d8980000)
  to   space 5120K, 0% used [0x00000000d7f80000,0x00000000d7f80000,0x00000000d8480000)
 ParOldGen       total 87552K, used 10182K [0x0000000081c00000, 0x0000000087180000, 0x00000000d5f00000)
  object space 87552K, 11% used [0x0000000081c00000,0x00000000825f1890,0x0000000087180000)
 Metaspace       used 20663K, capacity 21154K, committed 21296K, reserved 1069056K
  class space    used 2490K, capacity 2642K, committed 2688K, reserved 1048576K
Event: 4.261 GC heap after
Heap after GC invocations=7 (full 1):
 PSYoungGen      total 38400K, used 0K [0x00000000d5f00000, 0x00000000d8980000, 0x0000000100000000)
  eden space 33280K, 0% used [0x00000000d5f00000,0x00000000d5f00000,0x00000000d7f80000)
  from space 5120K, 0% used [0x00000000d8480000,0x00000000d8480000,0x00000000d8980000)
  to   space 5120K, 0% used [0x00000000d7f80000,0x00000000d7f80000,0x00000000d8480000)
 ParOldGen       total 59392K, used 8615K [0x0000000081c00000, 0x0000000085600000, 0x00000000d5f00000)
  object space 59392K, 14% used [0x0000000081c00000,0x0000000082469f28,0x0000000085600000)
 Metaspace       used 20663K, capacity 21154K, committed 21296K, reserved 1069056K
  class space    used 2490K, capacity 2642K, committed 2688K, reserved 1048576K
}
Event: 5.313 GC heap before
{Heap before GC invocations=8 (full 1):
 PSYoungGen      total 38400K, used 33280K [0x00000000d5f00000, 0x00000000d8980000, 0x0000000100000000)
  eden space 33280K, 100% used [0x00000000d5f00000,0x00000000d7f80000,0x00000000d7f80000)
  from space 5120K, 0% used [0x00000000d8480000,0x00000000d8480000,0x00000000d8980000)
  to   space 5120K, 0% used [0x00000000d7f80000,0x00000000d7f80000,0x00000000d8480000)
 ParOldGen       total 59392K, used 8615K [0x0000000081c00000, 0x0000000085600000, 0x00000000d5f00000)
  object space 59392K, 14% used [0x0000000081c00000,0x0000000082469f28,0x0000000085600000)
 Metaspace       used 23039K, capacity 23586K, committed 23936K, reserved 1071104K
  class space    used 2698K, capacity 2834K, committed 2944K, reserved 1048576K
Event: 5.321 GC heap after
Heap after GC invocations=8 (full 1):
 PSYoungGen      total 38400K, used 5091K [0x00000000d5f00000, 0x00000000d8980000, 0x0000000100000000)
  eden space 33280K, 0% used [0x00000000d5f00000,0x00000000d5f00000,0x00000000d7f80000)
  from space 5120K, 99% used [0x00000000d7f80000,0x00000000d8478dc0,0x00000000d8480000)
  to   space 5120K, 0% used [0x00000000d8480000,0x00000000d8480000,0x00000000d8980000)
 ParOldGen       total 59392K, used 10976K [0x0000000081c00000, 0x0000000085600000, 0x00000000d5f00000)
  object space 59392K, 18% used [0x0000000081c00000,0x00000000826b80e8,0x0000000085600000)
 Metaspace       used 23039K, capacity 23586K, committed 23936K, reserved 1071104K
  class space    used 2698K, capacity 2834K, committed 2944K, reserved 1048576K
}
Event: 6.407 GC heap before
{Heap before GC invocations=9 (full 1):
 PSYoungGen      total 38400K, used 38371K [0x00000000d5f00000, 0x00000000d8980000, 0x0000000100000000)
  eden space 33280K, 100% used [0x00000000d5f00000,0x00000000d7f80000,0x00000000d7f80000)
  from space 5120K, 99% used [0x00000000d7f80000,0x00000000d8478dc0,0x00000000d8480000)
  to   space 5120K, 0% used [0x00000000d8480000,0x00000000d8480000,0x00000000d8980000)
 ParOldGen       total 59392K, used 10976K [0x0000000081c00000, 0x0000000085600000, 0x00000000d5f00000)
  object space 59392K, 18% used [0x0000000081c00000,0x00000000826b80e8,0x0000000085600000)
 Metaspace       used 24154K, capacity 24798K, committed 25088K, reserved 1071104K
  class space    used 2827K, capacity 3010K, committed 3072K, reserved 1048576K
Event: 6.416 GC heap after
Heap after GC invocations=9 (full 1):
 PSYoungGen      total 38400K, used 5105K [0x00000000d5f00000, 0x00000000d8980000, 0x0000000100000000)
  eden space 33280K, 0% used [0x00000000d5f00000,0x00000000d5f00000,0x00000000d7f80000)
  from space 5120K, 99% used [0x00000000d8480000,0x00000000d897c418,0x00000000d8980000)
  to   space 5120K, 0% used [0x00000000d7f80000,0x00000000d7f80000,0x00000000d8480000)
 ParOldGen       total 59392K, used 13468K [0x0000000081c00000, 0x0000000085600000, 0x00000000d5f00000)
  object space 59392K, 22% used [0x0000000081c00000,0x0000000082927338,0x0000000085600000)
 Metaspace       used 24154K, capacity 24798K, committed 25088K, reserved 1071104K
  class space    used 2827K, capacity 3010K, committed 3072K, reserved 1048576K
}

