# JRE version: OpenJDK Runtime Environment (8.0_352-b08) (build 1.8.0_352-b08)
# Java VM: OpenJDK 64-Bit Server VM (25.352-b08 mixed mode windows-amd64 compressed oops)
Heap:
 PSYoungGen      total 107520K, used 94769K [0x00000000d5f00000, 0x00000000ddd00000, 0x0000000100000000)
  eden space 92672K, 86% used [0x00000000d5f00000,0x00000000dad0f488,0x00000000db980000)
  from space 14848K, 99% used [0x00000000db980000,0x00000000dc7fd2e0,0x00000000dc800000)
  to   space 11776K, 0% used [0x00000000dc800000,0x00000000dc800000,0x00000000dd380000)
 ParOldGen       total 66560K, used 28658K [0x0000000081c00000, 0x0000000085d00000, 0x00000000d5f00000)
  object space 66560K, 43% used [0x0000000081c00000,0x00000000837fc8d8,0x0000000085d00000)
 Metaspace       used 24195K, capacity 24726K, committed 25008K, reserved 1071104K
  class space    used 2803K, capacity 2960K, committed 2992K, reserved 1048576K
GC Heap History (10 events):
Event: 3.934 GC heap before
{Heap before GC invocations=6 (full 0):
 PSYoungGen      total 71680K, used 25039K [0x00000000d5f00000, 0x00000000daa00000, 0x0000000100000000)
  eden space 66560K, 29% used [0x00000000d5f00000,0x00000000d727be70,0x00000000da000000)
  from space 5120K, 99% used [0x00000000da000000,0x00000000da4f8070,0x00000000da500000)
  to   space 5120K, 0% used [0x00000000da500000,0x00000000da500000,0x00000000daa00000)
 ParOldGen       total 87552K, used 11569K [0x0000000081c00000, 0x0000000087180000, 0x00000000d5f00000)
  object space 87552K, 13% used [0x0000000081c00000,0x000000008274c580,0x0000000087180000)
 Metaspace       used 20755K, capacity 21234K, committed 21296K, reserved 1069056K
  class space    used 2421K, capacity 2586K, committed 2608K, reserved 1048576K
Event: 3.947 GC heap after
Heap after GC invocations=6 (full 0):
 PSYoungGen      total 71680K, used 5112K [0x00000000d5f00000, 0x00000000daa00000, 0x0000000100000000)
  eden space 66560K, 0% used [0x00000000d5f00000,0x00000000d5f00000,0x00000000da000000)
  from space 5120K, 99% used [0x00000000da500000,0x00000000da9fe030,0x00000000daa00000)
  to   space 5120K, 0% used [0x00000000da000000,0x00000000da000000,0x00000000da500000)
 ParOldGen       total 87552K, used 13750K [0x0000000081c00000, 0x0000000087180000, 0x00000000d5f00000)
  object space 87552K, 15% used [0x0000000081c00000,0x000000008296dad0,0x0000000087180000)
 Metaspace       used 20755K, capacity 21234K, committed 21296K, reserved 1069056K
  class space    used 2421K, capacity 2586K, committed 2608K, reserved 1048576K
}
Event: 3.947 GC heap before
{Heap before GC invocations=7 (full 1):
 PSYoungGen      total 71680K, used 5112K [0x00000000d5f00000, 0x00000000daa00000, 0x0000000100000000)
  eden space 66560K, 0% used [0x00000000d5f00000,0x00000000d5f00000,0x00000000da000000)
  from space 5120K, 99% used [0x00000000da500000,0x00000000da9fe030,0x00000000daa00000)
  to   space 5120K, 0% used [0x00000000da000000,0x00000000da000000,0x00000000da500000)
 ParOldGen       total 87552K, used 13750K [0x0000000081c00000, 0x0000000087180000, 0x00000000d5f00000)
  object space 87552K, 15% used [0x0000000081c00000,0x000000008296dad0,0x0000000087180000)
 Metaspace       used 20755K, capacity 21234K, committed 21296K, reserved 1069056K
  class space    used 2421K, capacity 2586K, committed 2608K, reserved 1048576K
Event: 4.016 GC heap after
Heap after GC invocations=7 (full 1):
 PSYoungGen      total 71680K, used 0K [0x00000000d5f00000, 0x00000000daa00000, 0x0000000100000000)
  eden space 66560K, 0% used [0x00000000d5f00000,0x00000000d5f00000,0x00000000da000000)
  from space 5120K, 0% used [0x00000000da500000,0x00000000da500000,0x00000000daa00000)
  to   space 5120K, 0% used [0x00000000da000000,0x00000000da000000,0x00000000da500000)
 ParOldGen       total 66560K, used 11205K [0x0000000081c00000, 0x0000000085d00000, 0x00000000d5f00000)
  object space 66560K, 16% used [0x0000000081c00000,0x00000000826f15e0,0x0000000085d00000)
 Metaspace       used 20755K, capacity 21234K, committed 21296K, reserved 1069056K
  class space    used 2421K, capacity 2586K, committed 2608K, reserved 1048576K
}
Event: 5.619 GC heap before
{Heap before GC invocations=8 (full 1):
 PSYoungGen      total 71680K, used 66560K [0x00000000d5f00000, 0x00000000daa00000, 0x0000000100000000)
  eden space 66560K, 100% used [0x00000000d5f00000,0x00000000da000000,0x00000000da000000)
  from space 5120K, 0% used [0x00000000da500000,0x00000000da500000,0x00000000daa00000)
  to   space 5120K, 0% used [0x00000000da000000,0x00000000da000000,0x00000000da500000)
 ParOldGen       total 66560K, used 11205K [0x0000000081c00000, 0x0000000085d00000, 0x00000000d5f00000)
  object space 66560K, 16% used [0x0000000081c00000,0x00000000826f15e0,0x0000000085d00000)
 Metaspace       used 24146K, capacity 24726K, committed 25008K, reserved 1071104K
  class space    used 2800K, capacity 2960K, committed 2992K, reserved 1048576K
Event: 5.627 GC heap after
Heap after GC invocations=8 (full 1):
 PSYoungGen      total 71680K, used 5116K [0x00000000d5f00000, 0x00000000dd380000, 0x0000000100000000)
  eden space 66560K, 0% used [0x00000000d5f00000,0x00000000d5f00000,0x00000000da000000)
  from space 5120K, 99% used [0x00000000da000000,0x00000000da4ff240,0x00000000da500000)
  to   space 11776K, 0% used [0x00000000dc800000,0x00000000dc800000,0x00000000dd380000)
 ParOldGen       total 66560K, used 18370K [0x0000000081c00000, 0x0000000085d00000, 0x00000000d5f00000)
  object space 66560K, 27% used [0x0000000081c00000,0x0000000082df0af8,0x0000000085d00000)
 Metaspace       used 24146K, capacity 24726K, committed 25008K, reserved 1071104K
  class space    used 2800K, capacity 2960K, committed 2992K, reserved 1048576K
}
Event: 6.054 GC heap before
{Heap before GC invocations=9 (full 1):
 PSYoungGen      total 71680K, used 71676K [0x00000000d5f00000, 0x00000000dd380000, 0x0000000100000000)
  eden space 66560K, 100% used [0x00000000d5f00000,0x00000000da000000,0x00000000da000000)
  from space 5120K, 99% used [0x00000000da000000,0x00000000da4ff240,0x00000000da500000)
  to   space 11776K, 0% used [0x00000000dc800000,0x00000000dc800000,0x00000000dd380000)
 ParOldGen       total 66560K, used 18370K [0x0000000081c00000, 0x0000000085d00000, 0x00000000d5f00000)
  object space 66560K, 27% used [0x0000000081c00000,0x0000000082df0af8,0x0000000085d00000)
 Metaspace       used 24174K, capacity 24726K, committed 25008K, reserved 1071104K
  class space    used 2800K, capacity 2960K, committed 2992K, reserved 1048576K
Event: 6.066 GC heap after
Heap after GC invocations=9 (full 1):
 PSYoungGen      total 104448K, used 11753K [0x00000000d5f00000, 0x00000000ddd00000, 0x0000000100000000)
  eden space 92672K, 0% used [0x00000000d5f00000,0x00000000d5f00000,0x00000000db980000)
  from space 11776K, 99% used [0x00000000dc800000,0x00000000dd37a4d0,0x00000000dd380000)
  to   space 14848K, 0% used [0x00000000db980000,0x00000000db980000,0x00000000dc800000)
 ParOldGen       total 66560K, used 22482K [0x0000000081c00000, 0x0000000085d00000, 0x00000000d5f00000)
  object space 66560K, 33% used [0x0000000081c00000,0x00000000831f4990,0x0000000085d00000)
 Metaspace       used 24174K, capacity 24726K, committed 25008K, reserved 1071104K
  class space    used 2800K, capacity 2960K, committed 2992K, reserved 1048576K
}
Event: 6.499 GC heap before
{Heap before GC invocations=10 (full 1):
 PSYoungGen      total 104448K, used 104425K [0x00000000d5f00000, 0x00000000ddd00000, 0x0000000100000000)
  eden space 92672K, 100% used [0x00000000d5f00000,0x00000000db980000,0x00000000db980000)
  from space 11776K, 99% used [0x00000000dc800000,0x00000000dd37a4d0,0x00000000dd380000)
  to   space 14848K, 0% used [0x00000000db980000,0x00000000db980000,0x00000000dc800000)
 ParOldGen       total 66560K, used 22482K [0x0000000081c00000, 0x0000000085d00000, 0x00000000d5f00000)
  object space 66560K, 33% used [0x0000000081c00000,0x00000000831f4990,0x0000000085d00000)
 Metaspace       used 24175K, capacity 24726K, committed 25008K, reserved 1071104K
  class space    used 2800K, capacity 2960K, committed 2992K, reserved 1048576K
Event: 6.516 GC heap after
Heap after GC invocations=10 (full 1):
 PSYoungGen      total 107520K, used 14836K [0x00000000d5f00000, 0x00000000ddd00000, 0x0000000100000000)
  eden space 92672K, 0% used [0x00000000d5f00000,0x00000000d5f00000,0x00000000db980000)
  from space 14848K, 99% used [0x00000000db980000,0x00000000dc7fd2e0,0x00000000dc800000)
  to   space 11776K, 0% used [0x00000000dc800000,0x00000000dc800000,0x00000000dd380000)
 ParOldGen       total 66560K, used 28658K [0x0000000081c00000, 0x0000000085d00000, 0x00000000d5f00000)
  object space 66560K, 43% used [0x0000000081c00000,0x00000000837fc8d8,0x0000000085d00000)
 Metaspace       used 24175K, capacity 24726K, committed 25008K, reserved 1071104K
  class space    used 2800K, capacity 2960K, committed 2992K, reserved 1048576K
}

