# JRE version: OpenJDK Runtime Environment (8.0_352-b08) (build 1.8.0_352-b08)
# Java VM: OpenJDK 64-Bit Server VM (25.352-b08 mixed mode windows-amd64 compressed oops)
Heap:
 PSYoungGen      total 117760K, used 96691K [0x00000000d5f00000, 0x00000000de680000, 0x0000000100000000)
  eden space 102912K, 79% used [0x00000000d5f00000,0x00000000daef1750,0x00000000dc380000)
  from space 14848K, 99% used [0x00000000dc380000,0x00000000dd1fb4f8,0x00000000dd200000)
  to   space 11776K, 0% used [0x00000000dd200000,0x00000000dd200000,0x00000000ddd80000)
 ParOldGen       total 62464K, used 30093K [0x0000000081c00000, 0x0000000085900000, 0x00000000d5f00000)
  object space 62464K, 48% used [0x0000000081c00000,0x0000000083963638,0x0000000085900000)
 Metaspace       used 24193K, capacity 24790K, committed 25088K, reserved 1071104K
  class space    used 2799K, capacity 2960K, committed 3072K, reserved 1048576K
GC Heap History (10 events):
Event: 3.672 GC heap before
{Heap before GC invocations=6 (full 0):
 PSYoungGen      total 71680K, used 22410K [0x00000000d5f00000, 0x00000000daa00000, 0x0000000100000000)
  eden space 66560K, 25% used [0x00000000d5f00000,0x00000000d6fe49f8,0x00000000da000000)
  from space 5120K, 99% used [0x00000000da000000,0x00000000da4fe010,0x00000000da500000)
  to   space 5120K, 0% used [0x00000000da500000,0x00000000da500000,0x00000000daa00000)
 ParOldGen       total 87552K, used 11833K [0x0000000081c00000, 0x0000000087180000, 0x00000000d5f00000)
  object space 87552K, 13% used [0x0000000081c00000,0x000000008278e450,0x0000000087180000)
 Metaspace       used 20701K, capacity 21202K, committed 21248K, reserved 1069056K
  class space    used 2411K, capacity 2554K, committed 2560K, reserved 1048576K
Event: 3.683 GC heap after
Heap after GC invocations=6 (full 0):
 PSYoungGen      total 71680K, used 5112K [0x00000000d5f00000, 0x00000000daa00000, 0x0000000100000000)
  eden space 66560K, 0% used [0x00000000d5f00000,0x00000000d5f00000,0x00000000da000000)
  from space 5120K, 99% used [0x00000000da500000,0x00000000da9fe030,0x00000000daa00000)
  to   space 5120K, 0% used [0x00000000da000000,0x00000000da000000,0x00000000da500000)
 ParOldGen       total 87552K, used 13832K [0x0000000081c00000, 0x0000000087180000, 0x00000000d5f00000)
  object space 87552K, 15% used [0x0000000081c00000,0x0000000082982328,0x0000000087180000)
 Metaspace       used 20701K, capacity 21202K, committed 21248K, reserved 1069056K
  class space    used 2411K, capacity 2554K, committed 2560K, reserved 1048576K
}
Event: 3.683 GC heap before
{Heap before GC invocations=7 (full 1):
 PSYoungGen      total 71680K, used 5112K [0x00000000d5f00000, 0x00000000daa00000, 0x0000000100000000)
  eden space 66560K, 0% used [0x00000000d5f00000,0x00000000d5f00000,0x00000000da000000)
  from space 5120K, 99% used [0x00000000da500000,0x00000000da9fe030,0x00000000daa00000)
  to   space 5120K, 0% used [0x00000000da000000,0x00000000da000000,0x00000000da500000)
 ParOldGen       total 87552K, used 13832K [0x0000000081c00000, 0x0000000087180000, 0x00000000d5f00000)
  object space 87552K, 15% used [0x0000000081c00000,0x0000000082982328,0x0000000087180000)
 Metaspace       used 20701K, capacity 21202K, committed 21248K, reserved 1069056K
  class space    used 2411K, capacity 2554K, committed 2560K, reserved 1048576K
Event: 3.732 GC heap after
Heap after GC invocations=7 (full 1):
 PSYoungGen      total 71680K, used 0K [0x00000000d5f00000, 0x00000000daa00000, 0x0000000100000000)
  eden space 66560K, 0% used [0x00000000d5f00000,0x00000000d5f00000,0x00000000da000000)
  from space 5120K, 0% used [0x00000000da500000,0x00000000da500000,0x00000000daa00000)
  to   space 5120K, 0% used [0x00000000da000000,0x00000000da000000,0x00000000da500000)
 ParOldGen       total 62464K, used 10994K [0x0000000081c00000, 0x0000000085900000, 0x00000000d5f00000)
  object space 62464K, 17% used [0x0000000081c00000,0x00000000826bc810,0x0000000085900000)
 Metaspace       used 20701K, capacity 21202K, committed 21248K, reserved 1069056K
  class space    used 2411K, capacity 2554K, committed 2560K, reserved 1048576K
}
Event: 4.534 GC heap before
{Heap before GC invocations=8 (full 1):
 PSYoungGen      total 71680K, used 66560K [0x00000000d5f00000, 0x00000000daa00000, 0x0000000100000000)
  eden space 66560K, 100% used [0x00000000d5f00000,0x00000000da000000,0x00000000da000000)
  from space 5120K, 0% used [0x00000000da500000,0x00000000da500000,0x00000000daa00000)
  to   space 5120K, 0% used [0x00000000da000000,0x00000000da000000,0x00000000da500000)
 ParOldGen       total 62464K, used 10994K [0x0000000081c00000, 0x0000000085900000, 0x00000000d5f00000)
  object space 62464K, 17% used [0x0000000081c00000,0x00000000826bc810,0x0000000085900000)
 Metaspace       used 24150K, capacity 24758K, committed 24960K, reserved 1071104K
  class space    used 2797K, capacity 2928K, committed 2944K, reserved 1048576K
Event: 4.545 GC heap after
Heap after GC invocations=8 (full 1):
 PSYoungGen      total 71680K, used 5119K [0x00000000d5f00000, 0x00000000ddd80000, 0x0000000100000000)
  eden space 66560K, 0% used [0x00000000d5f00000,0x00000000d5f00000,0x00000000da000000)
  from space 5120K, 99% used [0x00000000da000000,0x00000000da4fff30,0x00000000da500000)
  to   space 11776K, 0% used [0x00000000dd200000,0x00000000dd200000,0x00000000ddd80000)
 ParOldGen       total 62464K, used 18001K [0x0000000081c00000, 0x0000000085900000, 0x00000000d5f00000)
  object space 62464K, 28% used [0x0000000081c00000,0x0000000082d94440,0x0000000085900000)
 Metaspace       used 24150K, capacity 24758K, committed 24960K, reserved 1071104K
  class space    used 2797K, capacity 2928K, committed 2944K, reserved 1048576K
}
Event: 4.880 GC heap before
{Heap before GC invocations=9 (full 1):
 PSYoungGen      total 71680K, used 71679K [0x00000000d5f00000, 0x00000000ddd80000, 0x0000000100000000)
  eden space 66560K, 100% used [0x00000000d5f00000,0x00000000da000000,0x00000000da000000)
  from space 5120K, 99% used [0x00000000da000000,0x00000000da4fff30,0x00000000da500000)
  to   space 11776K, 0% used [0x00000000dd200000,0x00000000dd200000,0x00000000ddd80000)
 ParOldGen       total 62464K, used 18001K [0x0000000081c00000, 0x0000000085900000, 0x00000000d5f00000)
  object space 62464K, 28% used [0x0000000081c00000,0x0000000082d94440,0x0000000085900000)
 Metaspace       used 24188K, capacity 24790K, committed 25088K, reserved 1071104K
  class space    used 2799K, capacity 2960K, committed 3072K, reserved 1048576K
Event: 4.893 GC heap after
Heap after GC invocations=9 (full 1):
 PSYoungGen      total 114688K, used 11761K [0x00000000d5f00000, 0x00000000de680000, 0x0000000100000000)
  eden space 102912K, 0% used [0x00000000d5f00000,0x00000000d5f00000,0x00000000dc380000)
  from space 11776K, 99% used [0x00000000dd200000,0x00000000ddd7c510,0x00000000ddd80000)
  to   space 14848K, 0% used [0x00000000dc380000,0x00000000dc380000,0x00000000dd200000)
 ParOldGen       total 62464K, used 22350K [0x0000000081c00000, 0x0000000085900000, 0x00000000d5f00000)
  object space 62464K, 35% used [0x0000000081c00000,0x00000000831d3bb8,0x0000000085900000)
 Metaspace       used 24188K, capacity 24790K, committed 25088K, reserved 1071104K
  class space    used 2799K, capacity 2960K, committed 3072K, reserved 1048576K
}
Event: 5.321 GC heap before
{Heap before GC invocations=10 (full 1):
 PSYoungGen      total 114688K, used 114673K [0x00000000d5f00000, 0x00000000de680000, 0x0000000100000000)
  eden space 102912K, 100% used [0x00000000d5f00000,0x00000000dc380000,0x00000000dc380000)
  from space 11776K, 99% used [0x00000000dd200000,0x00000000ddd7c510,0x00000000ddd80000)
  to   space 14848K, 0% used [0x00000000dc380000,0x00000000dc380000,0x00000000dd200000)
 ParOldGen       total 62464K, used 22350K [0x0000000081c00000, 0x0000000085900000, 0x00000000d5f00000)
  object space 62464K, 35% used [0x0000000081c00000,0x00000000831d3bb8,0x0000000085900000)
 Metaspace       used 24192K, capacity 24790K, committed 25088K, reserved 1071104K
  class space    used 2799K, capacity 2960K, committed 3072K, reserved 1048576K
Event: 5.337 GC heap after
Heap after GC invocations=10 (full 1):
 PSYoungGen      total 117760K, used 14829K [0x00000000d5f00000, 0x00000000de680000, 0x0000000100000000)
  eden space 102912K, 0% used [0x00000000d5f00000,0x00000000d5f00000,0x00000000dc380000)
  from space 14848K, 99% used [0x00000000dc380000,0x00000000dd1fb4f8,0x00000000dd200000)
  to   space 11776K, 0% used [0x00000000dd200000,0x00000000dd200000,0x00000000ddd80000)
 ParOldGen       total 62464K, used 30093K [0x0000000081c00000, 0x0000000085900000, 0x00000000d5f00000)
  object space 62464K, 48% used [0x0000000081c00000,0x0000000083963638,0x0000000085900000)
 Metaspace       used 24192K, capacity 24790K, committed 25088K, reserved 1071104K
  class space    used 2799K, capacity 2960K, committed 3072K, reserved 1048576K
}

